<?xml version="1.0" encoding="UTF-8"?>
<!-- Generated by org.testng.reporters.JUnitReportReporter -->
<testsuite hostname="laptop" failures="0" tests="3" name="TestGET" time="1.872" errors="0" timestamp="2022-05-23T17:17:05 CEST" skipped="0">
  <testcase classname="TestGET" name="test3" time="0.016"/>
  <system-out/>
  <testcase classname="TestGET" name="test2" time="0.018"/>
  <system-out/>
  <testcase classname="TestGET" name="test1" time="1.838"/>
  <system-out/>
</testsuite> <!-- TestGET -->
