<?xml version="1.0" encoding="UTF-8"?>
<!-- Generated by org.testng.reporters.JUnitReportReporter -->
<testsuite hostname="laptop" failures="0" tests="3" name="Test01_GET" time="1.280" errors="0" timestamp="2022-05-23T12:43:37 CEST" skipped="0">
  <testcase classname="Test01_GET" name="test_03" time="0.012"/>
  <system-out/>
  <testcase classname="Test01_GET" name="test_02" time="0.018"/>
  <system-out/>
  <testcase classname="Test01_GET" name="test_01" time="1.250"/>
  <system-out/>
</testsuite> <!-- Test01_GET -->
